Build started 6/14/2014 3:58:20 PM.
     1>Project "C:\Users\Jesse\Documents\Visual Studio 2013\Projects\Star-Incredible\Star Incredible\Star Incredible.vcxproj" on node 2 (Build target(s)).
     1>ClCompile:
         C:\Program Files (x86)\Microsoft Visual Studio 12.0\VC\bin\CL.exe /c /ZI /nologo /W3 /WX- /sdl /Od /Oy- /D WIN32 /D _DEBUG /D _WINDOWS /D _UNICODE /D UNICODE /Gm /EHsc /RTC1 /MDd /GS /fp:precise /Zc:wchar_t /Zc:forScope /Fo"Debug\\" /Fd"Debug\vc120.pdb" /Gd /TP /analyze- /errorReport:prompt Enemy.cpp
         Enemy.cpp
     1>c:\users\jesse\documents\visual studio 2013\projects\star-incredible\star incredible\enemy.cpp(21): warning C4244: '=' : conversion from 'int' to 'float', possible loss of data
     1>c:\users\jesse\documents\visual studio 2013\projects\star-incredible\star incredible\enemy.cpp(22): warning C4244: '=' : conversion from 'int' to 'float', possible loss of data
     1>c:\users\jesse\documents\visual studio 2013\projects\star-incredible\star incredible\enemy.cpp(23): warning C4244: '=' : conversion from 'int' to 'float', possible loss of data
     1>c:\users\jesse\documents\visual studio 2013\projects\star-incredible\star incredible\enemy.cpp(24): warning C4244: '=' : conversion from 'int' to 'float', possible loss of data
     1>c:\users\jesse\documents\visual studio 2013\projects\star-incredible\star incredible\enemy.cpp(74): warning C4244: 'argument' : conversion from 'float' to 'int', possible loss of data
       Link:
         C:\Program Files (x86)\Microsoft Visual Studio 12.0\VC\bin\link.exe /ERRORREPORT:PROMPT /OUT:"C:\Users\Jesse\Documents\Visual Studio 2013\Projects\Star-Incredible\Debug\Star Incredible.exe" /INCREMENTAL /NOLOGO SDL.lib SDLmain.lib SDL_image.lib SDL_ttf.lib kernel32.lib user32.lib gdi32.lib winspool.lib comdlg32.lib advapi32.lib shell32.lib ole32.lib oleaut32.lib uuid.lib odbc32.lib odbccp32.lib /MANIFEST /MANIFESTUAC:"level='asInvoker' uiAccess='false'" /manifest:embed /DEBUG /PDB:"C:\Users\Jesse\Documents\Visual Studio 2013\Projects\Star-Incredible\Debug\Star Incredible.pdb" /SUBSYSTEM:WINDOWS /TLBID:1 /DYNAMICBASE /NXCOMPAT /IMPLIB:"C:\Users\Jesse\Documents\Visual Studio 2013\Projects\Star-Incredible\Debug\Star Incredible.lib" /MACHINE:X86 Debug\Enemy.obj
         Debug\Input.obj
         Debug\Main.obj
         Debug\Player.obj
         Debug\Point.obj
         Debug\SDLGraphics.obj
         Debug\Timer.obj
         Star Incredible.vcxproj -> C:\Users\Jesse\Documents\Visual Studio 2013\Projects\Star-Incredible\Debug\Star Incredible.exe
     1>Done Building Project "C:\Users\Jesse\Documents\Visual Studio 2013\Projects\Star-Incredible\Star Incredible\Star Incredible.vcxproj" (Build target(s)).

Build succeeded.

Time Elapsed 00:00:01.02
